DEBUG:root:Order:2 3 10.0
DEBUG:root:Finish turn

DEBUG:root:Order:2 4 10.0
DEBUG:root:Finish turn

DEBUG:root:Order:2 19 15.0
DEBUG:root:Finish turn

DEBUG:root:Order:2 20 15.0
DEBUG:root:Order:2 4 37
DEBUG:root:Finish turn

DEBUG:root:Order:2 15 20.0
DEBUG:root:Bad order:4 3.0 8
DEBUG:root:Finish turn

DEBUG:root:Order:4 16 20.0
DEBUG:root:Order:2 4 3
DEBUG:root:Finish turn

DEBUG:root:Order:2 4 1
DEBUG:root:Finish turn

DEBUG:root:Order:4 0 26.0
DEBUG:root:Order:2 19 15
DEBUG:root:Order:2 4 7
DEBUG:root:Finish turn

DEBUG:root:Order:2 19 2
DEBUG:root:Order:2 4 1
DEBUG:root:Finish turn

DEBUG:root:Order:2 19 1
DEBUG:root:Order:2 4 2
DEBUG:root:Finish turn

DEBUG:root:Order:2 19 1
DEBUG:root:Finish turn

DEBUG:root:Order:2 15 10
DEBUG:root:Order:4 15 7
DEBUG:root:Order:19 15 4
DEBUG:root:Finish turn

DEBUG:root:Order:2 15 2
DEBUG:root:Order:2 19 1
DEBUG:root:Finish turn

DEBUG:root:Order:2 19 1
DEBUG:root:Order:2 4 2
DEBUG:root:Finish turn

DEBUG:root:Order:2 19 1
DEBUG:root:Finish turn

DEBUG:root:Order:2 19 2
DEBUG:root:Finish turn

DEBUG:root:Order:2 19 3
DEBUG:root:Order:2 4 1
DEBUG:root:Finish turn

DEBUG:root:Order:2 19 1
DEBUG:root:Order:2 4 1
DEBUG:root:Order:15 4 1
DEBUG:root:Finish turn

DEBUG:root:Order:2 19 1
DEBUG:root:Finish turn

DEBUG:root:Order:15 9 40.0
DEBUG:root:Order:2 15 12
DEBUG:root:Order:4 15 9
DEBUG:root:Order:19 15 6
DEBUG:root:Finish turn

DEBUG:root:Order:15 0 1.0
DEBUG:root:Order:2 15 2
DEBUG:root:Order:2 19 3
DEBUG:root:Finish turn

DEBUG:root:Finish turn

DEBUG:root:Order:2 4 1
DEBUG:root:Order:2 19 1
DEBUG:root:Order:2 15 2
DEBUG:root:Finish turn

DEBUG:root:Order:15 19 2
DEBUG:root:Order:15 4 1
DEBUG:root:Finish turn

DEBUG:root:Order:2 19 1
DEBUG:root:Order:2 4 3
DEBUG:root:Finish turn

DEBUG:root:Order:2 19 1
DEBUG:root:Order:4 19 1
DEBUG:root:Order:4 15 1
DEBUG:root:Finish turn

DEBUG:root:Order:15 10 40.0
DEBUG:root:Order:2 15 16
DEBUG:root:Order:4 15 9
DEBUG:root:Order:4 3 12
DEBUG:root:Order:19 3 2
DEBUG:root:Finish turn

DEBUG:root:Order:19 3 12
DEBUG:root:Order:2 3 7
DEBUG:root:Order:15 3 1
DEBUG:root:Order:15 4 4
DEBUG:root:Finish turn

DEBUG:root:Order:2 3 1
DEBUG:root:Order:2 4 1
DEBUG:root:Order:2 19 1
DEBUG:root:Finish turn

DEBUG:root:Order:2 19 1
DEBUG:root:Order:2 3 2
DEBUG:root:Finish turn

DEBUG:root:Order:2 19 2
DEBUG:root:Order:2 4 1
DEBUG:root:Finish turn

DEBUG:root:Order:2 19 1
DEBUG:root:Order:2 4 1
DEBUG:root:Finish turn

DEBUG:root:Order:2 19 2
DEBUG:root:Finish turn

DEBUG:root:Order:2 19 1
DEBUG:root:Order:2 3 2
DEBUG:root:Finish turn

DEBUG:root:Order:2 9 24
DEBUG:root:Order:4 9 21
DEBUG:root:Order:19 9 9
DEBUG:root:Order:19 15 11
DEBUG:root:Finish turn

DEBUG:root:Order:2 19 1
DEBUG:root:Order:2 4 2
DEBUG:root:Finish turn

DEBUG:root:Order:2 19 1
DEBUG:root:Finish turn

DEBUG:root:Order:2 19 9
DEBUG:root:Order:15 19 7
DEBUG:root:Order:4 19 6
DEBUG:root:Finish turn

DEBUG:root:Order:2 19 2
DEBUG:root:Order:2 4 2
DEBUG:root:Finish turn

DEBUG:root:Finish turn

DEBUG:root:Order:2 19 3
DEBUG:root:Order:15 19 1
DEBUG:root:Finish turn

DEBUG:root:Order:2 19 1
DEBUG:root:Order:2 4 2
DEBUG:root:Finish turn

DEBUG:root:Order:19 5 46.0
DEBUG:root:Order:2 19 13
DEBUG:root:Order:4 19 12
DEBUG:root:Order:15 19 12
DEBUG:root:Finish turn

DEBUG:root:Order:2 19 1
DEBUG:root:Order:2 4 2
DEBUG:root:Finish turn

DEBUG:root:Order:2 10 3
DEBUG:root:Order:4 10 2
DEBUG:root:Order:15 10 2
DEBUG:root:Finish turn

DEBUG:root:Order:2 10 10
DEBUG:root:Order:9 10 9
DEBUG:root:Order:15 10 8
DEBUG:root:Order:4 10 7
DEBUG:root:Order:19 10 5
DEBUG:root:Finish turn

DEBUG:root:Order:2 10 1
DEBUG:root:Order:2 19 1
DEBUG:root:Order:2 4 2
DEBUG:root:Finish turn

DEBUG:root:Order:2 19 1
DEBUG:root:Order:2 9 1
DEBUG:root:Order:4 9 1
DEBUG:root:Order:15 9 1
DEBUG:root:Finish turn

DEBUG:root:Order:2 19 1
DEBUG:root:Order:9 19 1
DEBUG:root:Order:9 10 1
DEBUG:root:Order:9 4 1
DEBUG:root:Finish turn

DEBUG:root:Order:2 9 1
DEBUG:root:Order:2 19 1
DEBUG:root:Order:2 10 3
DEBUG:root:Order:15 10 1
DEBUG:root:Finish turn

DEBUG:root:Order:10 5 20
DEBUG:root:Order:2 5 18
DEBUG:root:Order:15 5 18
DEBUG:root:Order:4 5 2
DEBUG:root:Order:4 19 17
DEBUG:root:Order:9 19 14
DEBUG:root:Finish turn

DEBUG:root:Order:2 4 2
DEBUG:root:Order:2 19 1
DEBUG:root:Order:2 10 2
DEBUG:root:Order:5 10 2
DEBUG:root:Order:9 10 1
DEBUG:root:Finish turn

DEBUG:root:Order:10 19 2
DEBUG:root:Order:10 4 1
DEBUG:root:Order:10 2 3
DEBUG:root:Finish turn

DEBUG:root:Order:2 4 9
DEBUG:root:Order:15 4 5
DEBUG:root:Order:9 4 3
DEBUG:root:Order:19 4 2
DEBUG:root:Order:10 4 1
DEBUG:root:Finish turn

DEBUG:root:Order:2 19 1
DEBUG:root:Order:2 4 2
DEBUG:root:Finish turn

DEBUG:root:Order:2 19 2
DEBUG:root:Order:2 9 1
DEBUG:root:Order:2 10 1
DEBUG:root:Finish turn

DEBUG:root:Order:15 19 1
DEBUG:root:Order:15 9 1
DEBUG:root:Finish turn

DEBUG:root:Order:2 19 2
DEBUG:root:Order:2 10 1
DEBUG:root:Finish turn

DEBUG:root:Order:2 19 1
DEBUG:root:Order:2 4 2
DEBUG:root:Finish turn

DEBUG:root:Order:2 19 1
DEBUG:root:Finish turn

DEBUG:root:Order:19 11 54.0
DEBUG:root:Order:2 19 14
DEBUG:root:Order:15 19 12
DEBUG:root:Order:4 19 11
DEBUG:root:Order:9 19 9
DEBUG:root:Finish turn

DEBUG:root:Order:2 19 1
DEBUG:root:Order:2 4 2
DEBUG:root:Finish turn

DEBUG:root:Order:2 11 15
DEBUG:root:Order:4 11 14
DEBUG:root:Order:15 11 14
DEBUG:root:Order:9 11 12
DEBUG:root:Order:19 11 11
DEBUG:root:Finish turn

DEBUG:root:Order:2 11 1
DEBUG:root:Order:2 19 1
DEBUG:root:Order:2 4 2
DEBUG:root:Finish turn

DEBUG:root:Finish turn

DEBUG:root:Order:2 19 3
DEBUG:root:Order:2 9 1
DEBUG:root:Finish turn

DEBUG:root:Order:2 19 1
DEBUG:root:Order:15 19 1
DEBUG:root:Order:15 9 1
DEBUG:root:Order:15 4 1
DEBUG:root:Finish turn

DEBUG:root:Order:2 4 10
DEBUG:root:Order:9 4 6
DEBUG:root:Order:15 4 6
DEBUG:root:Order:19 4 3
DEBUG:root:Order:19 11 3
DEBUG:root:Finish turn

DEBUG:root:Order:2 19 2
DEBUG:root:Order:2 4 1
DEBUG:root:Order:2 9 2
DEBUG:root:Finish turn

DEBUG:root:Order:11 19 1
DEBUG:root:Finish turn

DEBUG:root:Order:2 19 2
DEBUG:root:Order:11 19 1
DEBUG:root:Order:11 4 2
DEBUG:root:Finish turn

DEBUG:root:Order:19 14 62.0
DEBUG:root:Order:2 19 12
DEBUG:root:Order:15 19 11
DEBUG:root:Order:11 19 10
DEBUG:root:Order:4 19 9
DEBUG:root:Order:9 19 9
DEBUG:root:Finish turn

DEBUG:root:Order:2 4 1
DEBUG:root:Order:2 9 1
DEBUG:root:Order:2 15 1
DEBUG:root:Finish turn

DEBUG:root:Order:11 9 9
DEBUG:root:Order:2 9 8
DEBUG:root:Order:15 9 8
DEBUG:root:Order:4 9 6
DEBUG:root:Finish turn

DEBUG:root:Order:2 9 2
DEBUG:root:Order:2 4 1
DEBUG:root:Finish turn

DEBUG:root:Order:11 4 14
DEBUG:root:Order:2 4 13
DEBUG:root:Order:15 4 12
DEBUG:root:Order:9 4 11
DEBUG:root:Finish turn

DEBUG:root:Order:2 4 2
DEBUG:root:Order:2 19 1
DEBUG:root:Order:2 9 2
DEBUG:root:Order:11 9 1
DEBUG:root:Finish turn

DEBUG:root:Order:9 19 6
DEBUG:root:Order:11 19 6
DEBUG:root:Order:15 19 5
DEBUG:root:Order:2 19 4
DEBUG:root:Order:4 19 3
DEBUG:root:Finish turn

DEBUG:root:Order:2 19 2
DEBUG:root:Order:11 19 1
DEBUG:root:Finish turn

DEBUG:root:Order:2 19 2
DEBUG:root:Order:11 19 1
DEBUG:root:Order:11 4 1
DEBUG:root:Order:11 9 1
DEBUG:root:Finish turn

DEBUG:root:Order:2 19 2
DEBUG:root:Order:2 4 1
DEBUG:root:Order:2 11 2
DEBUG:root:Finish turn

DEBUG:root:Order:4 8 64.0
DEBUG:root:Order:14 4 34
DEBUG:root:Order:11 4 8
DEBUG:root:Order:15 4 6
DEBUG:root:Order:2 4 5
DEBUG:root:Order:19 4 3
DEBUG:root:Finish turn

DEBUG:root:Order:2 4 2
DEBUG:root:Order:11 4 1
DEBUG:root:Order:14 4 1
DEBUG:root:Order:14 19 1
DEBUG:root:Finish turn

DEBUG:root:Order:2 19 2
DEBUG:root:Order:2 4 1
DEBUG:root:Finish turn

DEBUG:root:Order:11 9 4
DEBUG:root:Order:2 9 3
DEBUG:root:Order:14 9 3
DEBUG:root:Order:15 9 2
DEBUG:root:Finish turn

DEBUG:root:Order:2 9 10
DEBUG:root:Order:11 9 9
DEBUG:root:Order:14 9 9
DEBUG:root:Order:15 9 8
DEBUG:root:Order:4 9 7
DEBUG:root:Order:19 9 5
DEBUG:root:Finish turn

DEBUG:root:Order:2 9 2
DEBUG:root:Order:2 19 1
DEBUG:root:Order:2 4 2
DEBUG:root:Order:11 4 1
DEBUG:root:Order:14 4 1
DEBUG:root:Finish turn

DEBUG:root:Order:4 19 2
DEBUG:root:Order:4 9 1
DEBUG:root:Order:4 2 2
DEBUG:root:Order:11 2 1
DEBUG:root:Order:14 2 1
DEBUG:root:Finish turn

DEBUG:root:Order:2 4 3
DEBUG:root:Order:2 19 2
DEBUG:root:Order:2 9 1
DEBUG:root:Finish turn

DEBUG:root:Order:14 11 11
DEBUG:root:Order:2 11 10
DEBUG:root:Order:15 11 9
DEBUG:root:Order:4 11 7
DEBUG:root:Order:9 11 7
DEBUG:root:Order:19 11 6
DEBUG:root:Finish turn

DEBUG:root:Order:2 11 1
DEBUG:root:Order:2 19 1
DEBUG:root:Order:2 4 2
DEBUG:root:Order:14 4 1
DEBUG:root:Finish turn

DEBUG:root:Order:4 18 69.0
DEBUG:root:Order:14 4 11
DEBUG:root:Order:2 4 10
DEBUG:root:Order:11 4 10
DEBUG:root:Order:15 4 10
DEBUG:root:Order:9 4 8
DEBUG:root:Order:19 4 7
DEBUG:root:Finish turn

DEBUG:root:Order:8 4 6
DEBUG:root:Order:8 19 5
DEBUG:root:Order:8 9 4
DEBUG:root:Order:8 15 3
DEBUG:root:Order:8 11 2
DEBUG:root:Order:8 14 2
DEBUG:root:Order:8 2 1
DEBUG:root:Finish turn

DEBUG:root:Order:8 14 10
DEBUG:root:Order:2 14 8
DEBUG:root:Order:11 14 7
DEBUG:root:Order:15 14 6
DEBUG:root:Order:4 14 5
DEBUG:root:Order:9 14 5
DEBUG:root:Order:19 14 4
DEBUG:root:Finish turn

DEBUG:root:Order:2 14 2
DEBUG:root:Order:11 14 1
DEBUG:root:Order:11 8 1
DEBUG:root:Order:11 19 1
DEBUG:root:Order:11 4 1
DEBUG:root:Finish turn

DEBUG:root:Order:2 15 21
DEBUG:root:Order:14 15 19
DEBUG:root:Order:4 15 18
DEBUG:root:Order:9 15 17
DEBUG:root:Order:11 15 5
DEBUG:root:Bad order:11 6.0 17
DEBUG:root:Order:19 8 16
DEBUG:root:Finish turn

DEBUG:root:Bad order:11 10.0 14
DEBUG:root:Order:2 8 3
DEBUG:root:Order:14 8 2
DEBUG:root:Finish turn

DEBUG:root:Bad order:11 14.0 19
DEBUG:root:Order:2 19 6
DEBUG:root:Order:14 19 5
DEBUG:root:Order:15 19 4
DEBUG:root:Order:4 19 3
DEBUG:root:Order:9 19 3
DEBUG:root:Finish turn

DEBUG:root:Bad order:11 18.0 26
DEBUG:root:Order:14 2 7
DEBUG:root:Order:15 2 6
DEBUG:root:Order:4 2 5
DEBUG:root:Order:9 2 5
DEBUG:root:Finish turn

DEBUG:root:Order:11 2 11
DEBUG:root:Order:11 8 8
DEBUG:root:Bad order:11 3.0 6
DEBUG:root:Bad order:11 3.0 27
DEBUG:root:Finish turn

DEBUG:root:Order:11 19 8
DEBUG:root:Order:11 8 2
DEBUG:root:Order:11 9 1
DEBUG:root:Finish turn

DEBUG:root:Order:2 4 4
DEBUG:root:Order:15 4 1
DEBUG:root:Order:15 8 1
DEBUG:root:Order:15 19 1
DEBUG:root:Order:15 9 1
DEBUG:root:Finish turn

DEBUG:root:Bad order:2 6.0 21
DEBUG:root:Order:9 4 18
DEBUG:root:Order:8 4 16
DEBUG:root:Order:15 4 11
DEBUG:root:Order:15 11 16
DEBUG:root:Order:19 11 16
DEBUG:root:Finish turn

DEBUG:root:Order:2 11 11
DEBUG:root:Bad order:2 1.0 10
DEBUG:root:Order:2 4 1
DEBUG:root:Bad order:2 0.0 1
DEBUG:root:Bad order:2 0.0 1
DEBUG:root:Finish turn

DEBUG:root:Bad order:2 5.0 9
DEBUG:root:Order:2 8 2
DEBUG:root:Order:2 19 2
DEBUG:root:Bad order:2 1.0 14
DEBUG:root:Order:11 4 1
DEBUG:root:Finish turn

DEBUG:root:Order:2 15 10
DEBUG:root:Bad order:2 2.0 3
DEBUG:root:Bad order:2 2.0 3
DEBUG:root:Order:2 9 2
DEBUG:root:Bad order:2 0.0 1
DEBUG:root:Finish turn

DEBUG:root:Bad order:2 5.0 8
DEBUG:root:Order:11 18 8
DEBUG:root:Order:15 18 6
DEBUG:root:Order:9 18 5
DEBUG:root:Order:4 18 4
DEBUG:root:Order:8 18 1
DEBUG:root:Order:19 18 1
DEBUG:root:Finish turn

DEBUG:root:Order:2 18 7
DEBUG:root:Order:2 8 1
DEBUG:root:Order:2 19 1
DEBUG:root:Bad order:2 1.0 10
DEBUG:root:Order:11 4 1
DEBUG:root:Finish turn

DEBUG:root:Order:2 8 2
DEBUG:root:Order:2 19 2
DEBUG:root:Order:2 9 1
DEBUG:root:Bad order:2 1.0 3
DEBUG:root:Order:11 4 1
DEBUG:root:Order:18 4 1
DEBUG:root:Finish turn

DEBUG:root:Order:18 8 2
DEBUG:root:Order:18 19 2
DEBUG:root:Order:18 9 1
DEBUG:root:Finish turn

DEBUG:root:Order:2 8 2
DEBUG:root:Order:2 19 2
DEBUG:root:Order:2 9 1
DEBUG:root:Order:2 4 2
DEBUG:root:Order:11 4 2
DEBUG:root:Finish turn

DEBUG:root:Order:4 9 11
DEBUG:root:Order:11 9 10
DEBUG:root:Order:15 9 9
DEBUG:root:Order:2 9 6
DEBUG:root:Order:8 9 6
DEBUG:root:Order:19 9 6
DEBUG:root:Finish turn

DEBUG:root:Order:2 8 1
DEBUG:root:Order:2 9 1
DEBUG:root:Order:2 19 1
DEBUG:root:Order:2 4 2
DEBUG:root:Order:11 4 1
DEBUG:root:Finish turn

DEBUG:root:Order:4 8 2
DEBUG:root:Order:4 19 2
DEBUG:root:Order:4 9 1
DEBUG:root:Finish turn

DEBUG:root:Order:11 4 3
DEBUG:root:Order:11 8 1
DEBUG:root:Order:11 19 1
DEBUG:root:Order:11 9 3
DEBUG:root:Order:2 9 2
DEBUG:root:Order:15 9 1
DEBUG:root:Finish turn

DEBUG:root:Order:9 11 17
DEBUG:root:Order:2 11 15
DEBUG:root:Order:15 11 13
DEBUG:root:Order:15 8 13
DEBUG:root:Order:4 8 7
DEBUG:root:Finish turn

DEBUG:root:Order:19 15 8
DEBUG:root:Order:4 15 3
DEBUG:root:Order:2 15 1
DEBUG:root:Order:2 8 2
DEBUG:root:Order:2 9 2
DEBUG:root:Finish turn

DEBUG:root:Order:11 19 7
DEBUG:root:Order:9 19 6
DEBUG:root:Order:2 19 5
DEBUG:root:Order:4 19 5
DEBUG:root:Order:15 19 5
DEBUG:root:Order:8 19 3
DEBUG:root:Finish turn

DEBUG:root:Order:2 19 3
DEBUG:root:Order:11 19 2
DEBUG:root:Order:15 19 1
DEBUG:root:Order:15 8 1
DEBUG:root:Finish turn

DEBUG:root:Order:2 15 13
DEBUG:root:Order:11 15 12
DEBUG:root:Order:4 15 10
DEBUG:root:Order:9 15 10
DEBUG:root:Order:8 15 9
DEBUG:root:Order:19 15 8
DEBUG:root:Finish turn

DEBUG:root:Order:2 15 3
DEBUG:root:Order:2 8 3
DEBUG:root:Order:11 8 2
DEBUG:root:Finish turn

DEBUG:root:Order:8 19 2
DEBUG:root:Order:8 2 2
DEBUG:root:Finish turn

DEBUG:root:Order:2 8 2
DEBUG:root:Order:2 19 1
DEBUG:root:Order:2 4 4
DEBUG:root:Finish turn

DEBUG:root:Order:4 8 1
DEBUG:root:Order:4 19 1
DEBUG:root:Order:4 9 3
DEBUG:root:Order:15 9 1
DEBUG:root:Finish turn

DEBUG:root:Order:2 4 2
DEBUG:root:Order:2 8 2
DEBUG:root:Order:2 19 2
DEBUG:root:Finish turn

DEBUG:root:Order:9 8 1
DEBUG:root:Order:9 19 1
DEBUG:root:Order:9 2 2
DEBUG:root:Order:15 2 1
DEBUG:root:Finish turn

DEBUG:root:Order:2 8 1
DEBUG:root:Order:2 9 1
DEBUG:root:Order:2 19 1
DEBUG:root:Order:2 4 5
DEBUG:root:Order:15 4 1
DEBUG:root:Finish turn

DEBUG:root:Order:4 8 2
DEBUG:root:Order:4 19 2
DEBUG:root:Order:4 9 1
DEBUG:root:Order:4 2 4
DEBUG:root:Finish turn

DEBUG:root:Order:2 4 4
DEBUG:root:Order:2 8 1
DEBUG:root:Order:2 19 1
DEBUG:root:Order:2 9 6
DEBUG:root:Order:15 9 1
DEBUG:root:Finish turn

DEBUG:root:Order:9 2 33
DEBUG:root:Order:15 2 28
DEBUG:root:Order:8 2 5
DEBUG:root:Order:8 4 25
DEBUG:root:Order:19 4 23
DEBUG:root:Finish turn

DEBUG:root:Order:2 8 2
DEBUG:root:Order:15 8 1
DEBUG:root:Order:19 8 1
DEBUG:root:Finish turn

DEBUG:root:Order:2 8 2
DEBUG:root:Order:2 4 3
DEBUG:root:Order:15 4 1
DEBUG:root:Finish turn

DEBUG:root:Order:4 8 2
DEBUG:root:Order:4 19 2
DEBUG:root:Finish turn

DEBUG:root:Order:2 4 1
DEBUG:root:Order:2 8 1
DEBUG:root:Order:2 19 1
DEBUG:root:Finish turn

DEBUG:root:Order:2 8 2
DEBUG:root:Order:2 19 2
DEBUG:root:Order:2 4 1
DEBUG:root:Finish turn

DEBUG:root:Order:15 8 1
DEBUG:root:Order:15 19 1
DEBUG:root:Order:15 4 2
DEBUG:root:Finish turn

DEBUG:root:Order:2 8 7
DEBUG:root:Order:4 8 5
DEBUG:root:Order:15 8 3
DEBUG:root:Order:19 8 2
DEBUG:root:Finish turn

DEBUG:root:Order:2 8 3
DEBUG:root:Order:2 19 1
DEBUG:root:Finish turn

DEBUG:root:Order:2 19 5
DEBUG:root:Order:15 19 5
DEBUG:root:Order:4 19 3
DEBUG:root:Order:8 19 2
DEBUG:root:Finish turn

DEBUG:root:Order:2 19 3
DEBUG:root:Order:15 19 1
DEBUG:root:Order:15 8 1
DEBUG:root:Finish turn

DEBUG:root:Order:2 19 2
DEBUG:root:Order:2 8 1
DEBUG:root:Finish turn

DEBUG:root:Order:2 8 1
DEBUG:root:Order:2 19 1
DEBUG:root:Order:2 4 2
DEBUG:root:Finish turn

DEBUG:root:Order:4 2 25
DEBUG:root:Order:15 2 25
DEBUG:root:Bad order:8 19.0 22
DEBUG:root:Order:19 2 22
DEBUG:root:Finish turn

DEBUG:root:Bad order:8 25.0 40
DEBUG:root:Order:4 15 19
DEBUG:root:Bad order:19 15.0 18
DEBUG:root:Finish turn

DEBUG:root:Bad order:8 27.0 39
DEBUG:root:Order:19 15 17
DEBUG:root:Order:2 15 1
DEBUG:root:Finish turn

DEBUG:root:Bad order:8 30.0 37
DEBUG:root:Order:2 15 2
DEBUG:root:Finish turn

DEBUG:root:Bad order:8 31.0 36
DEBUG:root:Order:2 15 3
DEBUG:root:Finish turn

DEBUG:root:Order:8 15 34
DEBUG:root:Order:8 4 1
DEBUG:root:Finish turn

DEBUG:root:Order:2 8 2
DEBUG:root:Order:2 4 1
DEBUG:root:Order:2 15 4
DEBUG:root:Finish turn

DEBUG:root:Order:15 8 2
DEBUG:root:Order:15 4 1
DEBUG:root:Order:15 2 3
DEBUG:root:Finish turn

DEBUG:root:Order:2 8 2
DEBUG:root:Order:2 15 2
DEBUG:root:Order:2 4 1
DEBUG:root:Finish turn

DEBUG:root:Order:2 8 1
DEBUG:root:Order:2 4 2
DEBUG:root:Finish turn

DEBUG:root:Order:2 8 1
DEBUG:root:Finish turn

DEBUG:root:Order:2 8 2
DEBUG:root:Finish turn

DEBUG:root:Order:2 8 3
DEBUG:root:Order:2 4 1
DEBUG:root:Finish turn

DEBUG:root:Order:2 4 6
DEBUG:root:Order:15 4 6
DEBUG:root:Order:8 4 3
DEBUG:root:Finish turn

DEBUG:root:Order:2 8 6
DEBUG:root:Order:15 8 4
DEBUG:root:Order:4 8 3
DEBUG:root:Finish turn

DEBUG:root:Order:2 8 3
DEBUG:root:Order:15 8 1
DEBUG:root:Finish turn

DEBUG:root:Order:2 8 1
DEBUG:root:Order:2 4 2
DEBUG:root:Finish turn

DEBUG:root:Order:2 4 16
DEBUG:root:Order:15 4 15
DEBUG:root:Bad order:8 6.0 12
DEBUG:root:Finish turn

DEBUG:root:Order:8 4 10
DEBUG:root:Order:2 4 2
DEBUG:root:Finish turn

DEBUG:root:Order:15 2 9
DEBUG:root:Order:4 2 7
DEBUG:root:Bad order:8 5.0 7
DEBUG:root:Finish turn

DEBUG:root:Order:8 2 4
DEBUG:root:Bad order:8 3.0 5
DEBUG:root:Finish turn

DEBUG:root:Order:2 4 1
DEBUG:root:Order:2 8 1
DEBUG:root:Finish turn

DEBUG:root:Order:2 4 1
DEBUG:root:Order:2 8 1
DEBUG:root:Finish turn

DEBUG:root:Bad order:2 0.0 2
DEBUG:root:Bad order:2 0.0 1
DEBUG:root:Finish turn

DEBUG:root:Bad order:15 15.0 20
DEBUG:root:Order:4 2 17
DEBUG:root:Bad order:8 13.0 15
DEBUG:root:Finish turn

DEBUG:root:Bad order:8 23.0 34
DEBUG:root:Order:4 15 20
DEBUG:root:Finish turn

DEBUG:root:Order:8 15 20
DEBUG:root:Bad order:8 7.0 10
DEBUG:root:Bad order:8 7.0 32
DEBUG:root:Finish turn

DEBUG:root:Order:15 2 3
DEBUG:root:Order:4 2 2
DEBUG:root:Finish turn

DEBUG:root:Order:2 4 1
DEBUG:root:Order:2 15 1
DEBUG:root:Finish turn

DEBUG:root:Order:2 4 1
DEBUG:root:Finish turn

DEBUG:root:Order:2 4 2
DEBUG:root:Finish turn

DEBUG:root:Order:2 4 1
DEBUG:root:Order:2 15 1
DEBUG:root:Finish turn

DEBUG:root:Order:2 4 1
DEBUG:root:Finish turn

DEBUG:root:Order:2 4 2
DEBUG:root:Finish turn

DEBUG:root:Order:2 4 1
DEBUG:root:Order:2 15 1
DEBUG:root:Finish turn

DEBUG:root:Order:2 4 1
DEBUG:root:Finish turn

DEBUG:root:Order:2 4 2
DEBUG:root:Finish turn

DEBUG:root:Order:2 4 1
DEBUG:root:Order:2 15 1
DEBUG:root:Finish turn

DEBUG:root:Order:2 4 1
DEBUG:root:Finish turn

DEBUG:root:Order:15 2 27
DEBUG:root:Order:4 2 25
DEBUG:root:Finish turn

DEBUG:root:Finish turn

DEBUG:root:Order:2 4 2
DEBUG:root:Finish turn

DEBUG:root:Order:2 15 1
DEBUG:root:Finish turn

DEBUG:root:Order:2 15 1
DEBUG:root:Finish turn

DEBUG:root:Order:2 15 1
DEBUG:root:Finish turn

DEBUG:root:Order:2 15 1
DEBUG:root:Finish turn

DEBUG:root:Order:2 15 1
DEBUG:root:Finish turn

DEBUG:root:Order:2 15 24
DEBUG:root:Finish turn

DEBUG:root:Order:2 15 1
DEBUG:root:Finish turn

DEBUG:root:Order:2 15 1
DEBUG:root:Finish turn

DEBUG:root:Order:2 15 1
DEBUG:root:Finish turn

DEBUG:root:Order:2 15 1
DEBUG:root:Finish turn

DEBUG:root:Order:15 2 34
DEBUG:root:Finish turn

DEBUG:root:Finish turn

DEBUG:root:Order:2 15 1
DEBUG:root:Finish turn

DEBUG:root:Order:2 15 1
DEBUG:root:Finish turn

DEBUG:root:Order:2 15 1
DEBUG:root:Finish turn

DEBUG:root:Finish turn

DEBUG:root:Finish turn

DEBUG:root:Finish turn

DEBUG:root:Finish turn

DEBUG:root:Finish turn

DEBUG:root:Finish turn

DEBUG:root:Finish turn

DEBUG:root:Finish turn

DEBUG:root:Finish turn

DEBUG:root:Finish turn

DEBUG:root:Finish turn

DEBUG:root:Finish turn

DEBUG:root:Finish turn

DEBUG:root:Finish turn

DEBUG:root:Finish turn

DEBUG:root:Finish turn

DEBUG:root:Finish turn

DEBUG:root:Finish turn

DEBUG:root:Finish turn

DEBUG:root:Finish turn

DEBUG:root:Finish turn

DEBUG:root:Finish turn

DEBUG:root:Finish turn

DEBUG:root:Finish turn

DEBUG:root:Finish turn

DEBUG:root:Finish turn

DEBUG:root:Finish turn

DEBUG:root:Finish turn

DEBUG:root:Finish turn

DEBUG:root:Finish turn

DEBUG:root:Finish turn

DEBUG:root:Finish turn

